<?xml version="1.0" encoding="UTF-8"?>
<!-- Generated by org.testng.reporters.JUnitReportReporter -->
<testsuite hostname="kornpop" failures="0" tests="1" name="TransLinkHomeworkTest" time="48.798" errors="0" timestamp="2025-09-09T18:46:39 EDT" skipped="0">
  <testcase classname="TransLinkHomeworkTest" name="homework_and_bonus" time="48.798"/>
</testsuite> <!-- TransLinkHomeworkTest -->
