<?xml version="1.0" encoding="UTF-8"?>
<!-- Generated by org.testng.reporters.JUnitReportReporter -->
<testsuite hostname="kornpop" failures="0" tests="1" name="qa.translink.pom.tests.HomeworkFlowTest" time="73.002" errors="0" timestamp="2025-09-09T19:38:58 EDT" skipped="0">
  <testcase classname="qa.translink.pom.tests.HomeworkFlowTest" name="homework_and_bonus_pom" time="73.002"/>
</testsuite> <!-- qa.translink.pom.tests.HomeworkFlowTest -->
